<?xml version="1.0" encoding="UTF-8"?>
<!-- Generated by org.testng.reporters.JUnitReportReporter -->
<testsuite hostname="DESKTOP-BMK3LDR" failures="0" tests="1" name="ParentLayer.TestBase" time="32.715" errors="0" timestamp="2025-10-23T20:51:49 IST" skipped="0">
  <testcase classname="ParentLayer.TestBase" name="initilization" time="32.715"/>
</testsuite> <!-- ParentLayer.TestBase -->
