<?xml version="1.0" encoding="UTF-8"?>
<!-- Generated by org.testng.reporters.JUnitReportReporter -->
<testsuite hostname="DESKTOP-BMK3LDR" failures="0" tests="1" name="TestNg.SoftAsertClass" time="0.022" errors="0" timestamp="2025-10-15T21:01:48 IST" skipped="0">
  <testcase classname="TestNg.SoftAsertClass" name="validatetest" time="0.022">
    <system-out>
      <![CDATA[TC1 is running]]>
    </system-out>
  </testcase> <!-- validatetest -->
  <system-out>
    <![CDATA[TC1 is running]]>
  </system-out>
</testsuite> <!-- TestNg.SoftAsertClass -->
