<?xml version="1.0" encoding="UTF-8"?>
<!-- Generated by org.testng.reporters.JUnitReportReporter -->
<testsuite hostname="DESKTOP-BMK3LDR" failures="0" tests="1" name="TestNg.annotation" time="0.004" errors="0" timestamp="2025-10-14T21:35:26 IST" skipped="0">
  <testcase classname="TestNg.annotation" name="validateClass" time="0.004"/>
  <system-out>
    <![CDATA[div
mul
sub
before class]]>
  </system-out>
</testsuite> <!-- TestNg.annotation -->
