<?xml version="1.0" encoding="UTF-8"?>
<!-- Generated by org.testng.reporters.JUnitReportReporter -->
<testsuite hostname="DESKTOP-BMK3LDR" failures="0" tests="4" name="TestNg.CrossBroweser" time="23.797" errors="0" timestamp="2025-10-15T21:25:11 IST" skipped="0">
  <testcase classname="TestNg.CrossBroweser" name="test" time="7.277"/>
  <testcase classname="TestNg.CrossBroweser" name="test" time="7.279"/>
  <testcase classname="TestNg.CrossBroweser" name="test" time="4.400"/>
  <testcase classname="TestNg.CrossBroweser" name="test" time="4.841"/>
</testsuite> <!-- TestNg.CrossBroweser -->
