<?xml version="1.0" encoding="UTF-8"?>
<!-- Generated by org.testng.reporters.JUnitReportReporter -->
<testsuite hostname="DESKTOP-BMK3LDR" failures="0" tests="3" name="TestNg.keyword" time="0.024" errors="0" timestamp="2025-10-14T21:35:26 IST" skipped="0">
  <testcase classname="TestNg.keyword" name="multiplication" time="0.003">
    <system-out>
      <![CDATA[mul]]>
    </system-out>
  </testcase> <!-- multiplication -->
  <testcase classname="TestNg.keyword" name="division" time="0.018">
    <system-out>
      <![CDATA[div]]>
    </system-out>
  </testcase> <!-- division -->
  <testcase classname="TestNg.keyword" name="substraction" time="0.003">
    <system-out>
      <![CDATA[sub]]>
    </system-out>
  </testcase> <!-- substraction -->
  <system-out>
    <![CDATA[div
mul
sub
before class]]>
  </system-out>
</testsuite> <!-- TestNg.keyword -->
