<?xml version="1.0" encoding="UTF-8"?>
<!-- Generated by org.testng.reporters.JUnitReportReporter -->
<testsuite hostname="DESKTOP-BMK3LDR" failures="0" tests="2" name="TestNg.emailableReport" time="0.016" errors="0" timestamp="2025-10-07T21:26:09 IST" skipped="0">
  <testcase classname="TestNg.emailableReport" name="show" time="0.014">
    <system-out>
      <![CDATA[hello java]]>
    </system-out>
  </testcase> <!-- show -->
  <testcase classname="TestNg.emailableReport" name="test" time="0.002">
    <system-out>
      <![CDATA[hello1]]>
    </system-out>
  </testcase> <!-- test -->
  <system-out>
    <![CDATA[hello java
hello1]]>
  </system-out>
</testsuite> <!-- TestNg.emailableReport -->
